#
# There is insufficient memory for the Java Runtime Environment to continue.
# Native memory allocation (mmap) failed to map 67108864 bytes for Failed to commit area from 0x00000000c1600000 to 0x00000000c5600000 of length 67108864.
# Possible reasons:
#   The system is out of physical RAM or swap space
#   The process is running with CompressedOops enabled, and the Java Heap may be blocking the growth of the native heap
# Possible solutions:
#   Reduce memory load on the system
#   Increase physical memory or swap space
#   Check if swap backing store is full
#   Decrease Java heap size (-Xmx/-Xms)
#   Decrease number of Java threads
#   Decrease Java thread stack sizes (-Xss)
#   Set larger code cache with -XX:ReservedCodeCacheSize=
# This output file may be truncated or incomplete.
#
#  Out of Memory Error (./src/hotspot/os/windows/os_windows.cpp:3624), pid=17140, tid=13380
#
# JRE version:  (11.0.14.1+1) (build )
# Java VM: OpenJDK 64-Bit Server VM (11.0.14.1+1-b1751.46, mixed mode, sharing, tiered, compressed oops, g1 gc, windows-amd64)
# No core dump will be written. Minidumps are not enabled by default on client versions of Windows
#

---------------  S U M M A R Y ------------

Command Line: com.intellij.util.ReadEnv C:\Users\FRANCI~1\AppData\Local\Temp\intellij-cmd-env.11336264499360196764.tmp

Host: Intel(R) Core(TM) i3-5005U CPU @ 2.00GHz, 4 cores, 3G,  Windows 10 , 64 bit Build 19041 (10.0.19041.1889)
Time: Tue Oct 11 11:32:22 2022 Hora oficial do Brasil elapsed time: 0.038491 seconds (0d 0h 0m 0s)

---------------  T H R E A D  ---------------

Current thread (0x000001c24f28a000):  JavaThread "Unknown thread" [_thread_in_vm, id=13380, stack(0x000000217e100000,0x000000217e200000)]

Stack: [0x000000217e100000,0x000000217e200000]
Native frames: (J=compiled Java code, j=interpreted, Vv=VM code, C=native code)
V  [jvm.dll+0x61601a]
V  [jvm.dll+0x79c3b0]
V  [jvm.dll+0x79d9cd]
V  [jvm.dll+0x79e0a3]
V  [jvm.dll+0x24ca38]
V  [jvm.dll+0x613074]
V  [jvm.dll+0x607d75]
V  [jvm.dll+0x30b05b]
V  [jvm.dll+0x30afca]
V  [jvm.dll+0x30aea2]
V  [jvm.dll+0x30fde6]
V  [jvm.dll+0x35b473]
V  [jvm.dll+0x35bb76]
V  [jvm.dll+0x35b573]
V  [jvm.dll+0x2e57b8]
V  [jvm.dll+0x2e6967]
V  [jvm.dll+0x779377]
V  [jvm.dll+0x77ab6c]
V  [jvm.dll+0x368a19]
V  [jvm.dll+0x75ce8e]
V  [jvm.dll+0x3d6aa3]
V  [jvm.dll+0x3d8ff1]
C  [jli.dll+0x536b]
C  [ucrtbase.dll+0x21bb2]
C  [KERNEL32.DLL+0x17034]
C  [ntdll.dll+0x526a1]


---------------  P R O C E S S  ---------------

Threads class SMR info:
_java_thread_list=0x000001c24d7e3840, length=0, elements={
}

Java Threads: ( => current thread )

Other Threads:
  0x000001c24f2a2000 GCTaskThread "GC Thread#0" [stack: 0x000000217e200000,0x000000217e300000] [id=1140]
  0x000001c24f2bc800 ConcurrentGCThread "G1 Main Marker" [stack: 0x000000217e300000,0x000000217e400000] [id=16240]
  0x000001c24f2bf000 ConcurrentGCThread "G1 Conc#0" [stack: 0x000000217e400000,0x000000217e500000] [id=17896]

[error occurred during error reporting (printing all threads), id 0xc0000005, EXCEPTION_ACCESS_VIOLATION (0xc0000005) at pc=0x00007ffb2ad95f37]

VM state:not at safepoint (not fully initialized)

VM Mutex/Monitor currently owned by a thread:  ([mutex/lock_event])
[0x000001c24f285460] Heap_lock - owner thread: 0x000001c24f28a000

Heap address: 0x00000000c1600000, size: 1002 MB, Compressed Oops mode: Non-zero based: 0x00000000c1600000
Narrow klass base: 0x0000000000000000, Narrow klass shift: 0

GC Heap History (0 events):
No events

Deoptimization events (0 events):
No events

Classes redefined (0 events):
No events

Internal exceptions (0 events):
No events

Events (1 events):
Event: 0.024 Loaded shared library C:\Program Files\JetBrains\PyCharm Community Edition 2021.3.3\jbr\bin\zip.dll


Dynamic libraries:
0x00007ff62f5a0000 - 0x00007ff62f5aa000 	C:\Program Files\JetBrains\PyCharm Community Edition 2021.3.3\jbr\bin\java.exe
0x00007ffbacb70000 - 0x00007ffbacd68000 	C:\WINDOWS\SYSTEM32\ntdll.dll
0x00007ffbab980000 - 0x00007ffbaba3d000 	C:\WINDOWS\System32\KERNEL32.DLL
0x00007ffbaa590000 - 0x00007ffbaa85e000 	C:\WINDOWS\System32\KERNELBASE.dll
0x00007ffbaa860000 - 0x00007ffbaa960000 	C:\WINDOWS\System32\ucrtbase.dll
0x00007ffb82a90000 - 0x00007ffb82aa9000 	C:\Program Files\JetBrains\PyCharm Community Edition 2021.3.3\jbr\bin\jli.dll
0x00007ffbac8e0000 - 0x00007ffbaca80000 	C:\WINDOWS\System32\USER32.dll
0x00007ffbaa4d0000 - 0x00007ffbaa4f2000 	C:\WINDOWS\System32\win32u.dll
0x00007ffbacb00000 - 0x00007ffbacb2a000 	C:\WINDOWS\System32\GDI32.dll
0x00007ffbaa310000 - 0x00007ffbaa41b000 	C:\WINDOWS\System32\gdi32full.dll
0x00007ffbaa960000 - 0x00007ffbaa9fd000 	C:\WINDOWS\System32\msvcp_win.dll
0x00007ffb869c0000 - 0x00007ffb869d6000 	C:\Program Files\JetBrains\PyCharm Community Edition 2021.3.3\jbr\bin\VCRUNTIME140.dll
0x00007ffb943f0000 - 0x00007ffb9468a000 	C:\WINDOWS\WinSxS\amd64_microsoft.windows.common-controls_6595b64144ccf1df_6.0.19041.1110_none_60b5254171f9507e\COMCTL32.dll
0x00007ffbac2c0000 - 0x00007ffbac35e000 	C:\WINDOWS\System32\msvcrt.dll
0x00007ffbabeb0000 - 0x00007ffbabee0000 	C:\WINDOWS\System32\IMM32.DLL
0x00007ffb4f850000 - 0x00007ffb4f8fa000 	C:\Program Files\JetBrains\PyCharm Community Edition 2021.3.3\jbr\bin\msvcp140.dll
0x00007ffb2aaa0000 - 0x00007ffb2b61a000 	C:\Program Files\JetBrains\PyCharm Community Edition 2021.3.3\jbr\bin\server\jvm.dll
0x00007ffbab4e0000 - 0x00007ffbab58e000 	C:\WINDOWS\System32\ADVAPI32.dll
0x00007ffbabf90000 - 0x00007ffbac02c000 	C:\WINDOWS\System32\sechost.dll
0x00007ffbac750000 - 0x00007ffbac875000 	C:\WINDOWS\System32\RPCRT4.dll
0x00007ffbacaf0000 - 0x00007ffbacaf8000 	C:\WINDOWS\System32\PSAPI.DLL
0x00007ffb911e0000 - 0x00007ffb911e9000 	C:\WINDOWS\SYSTEM32\WSOCK32.dll
0x00007ffbaca80000 - 0x00007ffbacaeb000 	C:\WINDOWS\System32\WS2_32.dll
0x00007ffb96600000 - 0x00007ffb96627000 	C:\WINDOWS\SYSTEM32\WINMM.dll
0x00007ffb9f380000 - 0x00007ffb9f38a000 	C:\WINDOWS\SYSTEM32\VERSION.dll
0x00007ffba8180000 - 0x00007ffba8192000 	C:\WINDOWS\SYSTEM32\kernel.appcore.dll
0x00007ffba1300000 - 0x00007ffba1311000 	C:\Program Files\JetBrains\PyCharm Community Edition 2021.3.3\jbr\bin\verify.dll
0x00007ffb9b4c0000 - 0x00007ffb9b6a4000 	C:\WINDOWS\SYSTEM32\DBGHELP.DLL
0x00007ffb9b490000 - 0x00007ffb9b4bc000 	C:\WINDOWS\SYSTEM32\dbgcore.DLL
0x00007ffbaa500000 - 0x00007ffbaa582000 	C:\WINDOWS\System32\bcryptPrimitives.dll
0x00007ffb8dcb0000 - 0x00007ffb8dcd9000 	C:\Program Files\JetBrains\PyCharm Community Edition 2021.3.3\jbr\bin\java.dll
0x00007ffba4dd0000 - 0x00007ffba4ddb000 	C:\Program Files\JetBrains\PyCharm Community Edition 2021.3.3\jbr\bin\jimage.dll
0x00007ffb8dc90000 - 0x00007ffb8dca9000 	C:\Program Files\JetBrains\PyCharm Community Edition 2021.3.3\jbr\bin\zip.dll

dbghelp: loaded successfully - version: 4.0.5 - missing functions: none
symbol engine: initialized successfully - sym options: 0x614 - pdb path: .;C:\Program Files\JetBrains\PyCharm Community Edition 2021.3.3\jbr\bin;C:\WINDOWS\SYSTEM32;C:\WINDOWS\WinSxS\amd64_microsoft.windows.common-controls_6595b64144ccf1df_6.0.19041.1110_none_60b5254171f9507e;C:\Program Files\JetBrains\PyCharm Community Edition 2021.3.3\jbr\bin\server

VM Arguments:
java_command: com.intellij.util.ReadEnv C:\Users\FRANCI~1\AppData\Local\Temp\intellij-cmd-env.11336264499360196764.tmp
java_class_path (initial): C:\Program Files\JetBrains\PyCharm Community Edition 2021.3.3\lib\util.jar
Launcher Type: SUN_STANDARD

[Global flags]
     intx CICompilerCount                          = 3                                         {product} {ergonomic}
     uint ConcGCThreads                            = 1                                         {product} {ergonomic}
     uint G1ConcRefinementThreads                  = 4                                         {product} {ergonomic}
   size_t G1HeapRegionSize                         = 1048576                                   {product} {ergonomic}
    uintx GCDrainStackTargetSize                   = 64                                        {product} {ergonomic}
   size_t InitialHeapSize                          = 67108864                                  {product} {ergonomic}
   size_t MarkStackSize                            = 4194304                                   {product} {ergonomic}
   size_t MaxHeapSize                              = 1050673152                                {product} {ergonomic}
   size_t MinHeapDeltaBytes                        = 1048576                                   {product} {ergonomic}
    uintx NonNMethodCodeHeapSize                   = 5830732                                {pd product} {ergonomic}
    uintx NonProfiledCodeHeapSize                  = 122913754                              {pd product} {ergonomic}
    uintx ProfiledCodeHeapSize                     = 122913754                              {pd product} {ergonomic}
    uintx ReservedCodeCacheSize                    = 251658240                              {pd product} {ergonomic}
     bool SegmentedCodeCache                       = true                                      {product} {ergonomic}
     bool UseCompressedClassPointers               = true                                 {lp64_product} {ergonomic}
     bool UseCompressedOops                        = true                                 {lp64_product} {ergonomic}
     bool UseG1GC                                  = true                                      {product} {ergonomic}
     bool UseLargePagesIndividualAllocation        = false                                  {pd product} {ergonomic}

Logging:
Log output configuration:
 #0: stdout all=warning uptime,level,tags
 #1: stderr all=off uptime,level,tags

Environment Variables:
JAVA_HOME=C:\Program Files\Eclipse Adoptium\jdk-17.0.4.101-hotspot\
PATH=C:\Users\Francisco\PycharmProjects\rob\Scripts;C:\Program Files\Eclipse Adoptium\jdk-17.0.4.101-hotspot\bin;C:\Program Files\Python39\Scripts\;C:\Program Files\Python39\;C:\Python\Scripts\;C:\Python\;C:\WINDOWS\system32;C:\WINDOWS;C:\WINDOWS\System32\Wbem;C:\WINDOWS\System32\WindowsPowerShell\v1.0\;C:\WINDOWS\System32\OpenSSH\;C:\Program Files\SafeNet\Authentication\SAC\x32;C:\Program Files\SafeNet\Authentication\SAC\x64;C:\Program Files\Git\cmd;C:\Users\Francisco\.pyenv\pyenv-win\bin;C:\Users\Francisco\.pyenv\pyenv-win\shims;C:\Users\Francisco\AppData\Local\Microsoft\WindowsApps;C:\Program Files\JetBrains\PyCharm Community Edition 2021.3.3\bin;C:\Program Files (x86)\Nmap
USERNAME=Francisco
OS=Windows_NT
PROCESSOR_IDENTIFIER=Intel64 Family 6 Model 61 Stepping 4, GenuineIntel



---------------  S Y S T E M  ---------------

OS: Windows 10 , 64 bit Build 19041 (10.0.19041.1889)
OS uptime: 0 days 1:33 hours

CPU:total 4 (initial active 4) (2 cores per cpu, 2 threads per core) family 6 model 61 stepping 4 microcode 0x2d, cmov, cx8, fxsr, mmx, sse, sse2, sse3, ssse3, sse4.1, sse4.2, popcnt, avx, avx2, aes, clmul, erms, 3dnowpref, lzcnt, ht, tsc, tscinvbit, bmi1, bmi2, adx, fma

Memory: 4k page, system-wide physical 4006M (677M free)
TotalPageFile size 6247M (AvailPageFile size 17M)
current process WorkingSet (physical memory assigned to process): 9M, peak: 9M
current process commit charge ("private bytes"): 51M, peak: 115M

vm_info: OpenJDK 64-Bit Server VM (11.0.14.1+1-b1751.46) for windows-amd64 JRE (11.0.14.1+1-b1751.46), built on Feb 21 2022 15:19:20 by "" with MS VC++ 14.0 (VS2015)

END.
